<?xml version="1.0" encoding="utf-8"?>
<androidx.cardview.widget.CardView xmlns:android="http://schemas.android.com/apk/res/android"
    android:layout_width="match_parent"
    android:layout_height="wrap_content"
    xmlns:app="http://schemas.android.com/apk/res-auto"
    android:layout_margin="8dp"
    app:cardCornerRadius="16dp"
    app:cardElevation="4dp"
    android:layout_marginTop="16dp">
    <RelativeLayout
        android:layout_width="match_parent"
        android:layout_height="wrap_content"
        android:padding="16dp">

        <ImageView
            android:id="@+id/imageView"
            android:layout_width="48dp"
            android:layout_height="48dp"
            android:layout_alignParentStart="true"
            android:src="@drawable/surveyicon" />

        <TextView
            android:id="@+id/titleTextView"
            android:layout_width="wrap_content"
            android:layout_height="wrap_content"
            android:layout_toEndOf="@id/imageView"
            android:layout_marginStart="16dp"
            android:text="Title"
            android:textStyle="bold"
            android:textSize="16sp" />

        <TextView
            android:id="@+id/descriptionTextView"
            android:layout_width="wrap_content"
            android:layout_height="wrap_content"
            android:layout_below="@id/titleTextView"
            android:layout_toEndOf="@id/imageView"
            android:layout_marginStart="16dp"
            android:layout_marginTop="4dp"
            android:text="Description"
            android:textSize="14sp" />

        <TextView
            android:id="@+id/timestampTextView"
            android:layout_width="wrap_content"
            android:layout_height="wrap_content"
            android:layout_alignParentEnd="true"
            android:layout_alignParentTop="true"
            android:text="9:41 AM"
            android:textSize="12sp"
            android:textColor="@android:color/darker_gray" />
    </RelativeLayout>

</androidx.cardview.widget.CardView>